This file contains any messages produced by compilers while
running configure, to aid debugging if configure makes a mistake.

It was created by libuv configure 1.51.1-dev, which was
generated by GNU Autoconf 2.69.  Invocation command line was

  $ ./configure 

## --------- ##
## Platform. ##
## --------- ##

hostname = srilakshmi-HP-Notebook
uname -m = x86_64
uname -r = 5.15.0-139-generic
uname -s = Linux
uname -v = #149~20.04.1-Ubuntu SMP Wed Apr 16 08:29:56 UTC 2025

/usr/bin/uname -p = x86_64
/bin/uname -X     = unknown

/bin/arch              = x86_64
/usr/bin/arch -k       = unknown
/usr/convex/getsysinfo = unknown
/usr/bin/hostinfo      = unknown
/bin/machine           = unknown
/usr/bin/oslevel       = unknown
/bin/universe          = unknown

PATH: /home/srilakshmi/srilakshmi_workspace/depot_tools
PATH: /usr/local/sbin
PATH: /usr/local/bin
PATH: /usr/sbin
PATH: /usr/bin
PATH: /sbin
PATH: /bin
PATH: /usr/games
PATH: /usr/local/games
PATH: /snap/bin
PATH: /home/srilakshmi/depot_tools


## ----------- ##
## Core tests. ##
## ----------- ##

configure:2377: checking for a BSD-compatible install
configure:2445: result: /usr/bin/install -c
configure:2456: checking whether build environment is sane
configure:2511: result: yes
configure:2660: checking for a thread-safe mkdir -p
configure:2699: result: /usr/bin/mkdir -p
configure:2706: checking for gawk
configure:2736: result: no
configure:2706: checking for mawk
configure:2722: found /usr/bin/mawk
configure:2733: result: mawk
configure:2744: checking whether make sets $(MAKE)
configure:2766: result: yes
configure:2795: checking whether make supports nested variables
configure:2812: result: yes
configure:2939: checking whether to enable maintainer-specific portions of Makefiles
configure:2948: result: yes
configure:2965: checking build system type
configure:2979: result: x86_64-pc-linux-gnu
configure:2999: checking host system type
configure:3012: result: x86_64-pc-linux-gnu
configure:3142: checking for gcc
configure:3158: found /usr/bin/gcc
configure:3169: result: gcc
configure:3398: checking for C compiler version
configure:3407: gcc --version >&5
gcc (Ubuntu 13.1.0-8ubuntu1~20.04.2) 13.1.0
Copyright (C) 2023 Free Software Foundation, Inc.
This is free software; see the source for copying conditions.  There is NO
warranty; not even for MERCHANTABILITY or FITNESS FOR A PARTICULAR PURPOSE.

configure:3418: $? = 0
configure:3407: gcc -v >&5
Using built-in specs.
COLLECT_GCC=gcc
COLLECT_LTO_WRAPPER=/usr/libexec/gcc/x86_64-linux-gnu/13/lto-wrapper
Target: x86_64-linux-gnu
Configured with: ../src/configure -v --with-pkgversion='Ubuntu 13.1.0-8ubuntu1~20.04.2' --with-bugurl=file:///usr/share/doc/gcc-13/README.Bugs --enable-languages=c,ada,c++,go,d,fortran,objc,obj-c++,m2,rust --prefix=/usr --with-gcc-major-version-only --program-suffix=-13 --program-prefix=x86_64-linux-gnu- --enable-shared --enable-linker-build-id --libexecdir=/usr/libexec --without-included-gettext --enable-threads=posix --libdir=/usr/lib --enable-nls --enable-clocale=gnu --enable-libstdcxx-debug --enable-libstdcxx-time=yes --with-default-libstdcxx-abi=new --enable-gnu-unique-object --disable-vtable-verify --enable-plugin --enable-default-pie --with-system-zlib --enable-libphobos-checking=release --with-target-system-zlib=auto --enable-objc-gc=auto --enable-multiarch --disable-werror --enable-cet --with-arch-32=i686 --with-abi=m64 --with-multilib-list=m32,m64,mx32 --enable-multilib --with-tune=generic --enable-checking=release --build=x86_64-linux-gnu --host=x86_64-linux-gnu --target=x86_64-linux-gnu
Thread model: posix
Supported LTO compression algorithms: zlib zstd
gcc version 13.1.0 (Ubuntu 13.1.0-8ubuntu1~20.04.2) 
configure:3418: $? = 0
configure:3407: gcc -V >&5
gcc: error: unrecognized command-line option '-V'
gcc: fatal error: no input files
compilation terminated.
configure:3418: $? = 1
configure:3407: gcc -qversion >&5
gcc: error: unrecognized command-line option '-qversion'; did you mean '--version'?
gcc: fatal error: no input files
compilation terminated.
configure:3418: $? = 1
configure:3438: checking whether the C compiler works
configure:3460: gcc    conftest.c  >&5
configure:3464: $? = 0
configure:3512: result: yes
configure:3515: checking for C compiler default output file name
configure:3517: result: a.out
configure:3523: checking for suffix of executables
configure:3530: gcc -o conftest    conftest.c  >&5
configure:3534: $? = 0
configure:3556: result: 
configure:3578: checking whether we are cross compiling
configure:3586: gcc -o conftest    conftest.c  >&5
configure:3590: $? = 0
configure:3597: ./conftest
configure:3601: $? = 0
configure:3589: result: no
configure:3594: checking for suffix of object files
configure:3616: gcc -c   conftest.c >&5
configure:3620: $? = 0
configure:3641: result: o
configure:3645: checking whether we are using the GNU C compiler
configure:3664: gcc -c   conftest.c >&5
configure:3664: $? = 0
configure:3673: result: yes
configure:3682: checking whether gcc accepts -g
configure:3702: gcc -c -g  conftest.c >&5
configure:3702: $? = 0
configure:3743: result: yes
configure:3760: checking for gcc option to accept ISO C89
configure:3823: gcc  -c -g -O2  conftest.c >&5
configure:3823: $? = 0
configure:3836: result: none needed
configure:3861: checking whether gcc understands -c and -o together
configure:3883: gcc -c conftest.c -o conftest2.o
configure:3886: $? = 0
configure:3883: gcc -c conftest.c -o conftest2.o
configure:3886: $? = 0
configure:3898: result: yes
configure:3918: checking whether make supports the include directive
configure:3933: make -f confmf.GNU && cat confinc.out
this is the am__doit target
configure:3936: $? = 0
configure:3950: result: yes (GNU style)
configure:3975: checking dependency style of gcc
configure:4086: result: gcc3
configure:4105: checking for gcc way to treat warnings as errors
configure:4120: gcc -c -g -O2 -Werror  conftest.c >&5
configure:4120: $? = 0
configure:4163: result: -Werror
configure:4169: checking if gcc supports __attribute__(( visibility("default") ))
configure:4186: gcc -c -g -O2 -Werror  conftest.c >&5
configure:4186: $? = 0
configure:4201: result: yes
configure:4210: checking if gcc supports -fvisibility=hidden flag
configure:4226: gcc -c -g -O2 -Werror -fvisibility=hidden  conftest.c >&5
configure:4226: $? = 0
configure:4242: result: yes
configure:4259: checking if gcc supports -fno-strict-aliasing flag
configure:4274: gcc -c -g -O2 -fno-strict-aliasing  conftest.c >&5
configure:4274: $? = 0
configure:4290: result: yes
configure:4295: checking if gcc supports -fno-strict-aliasing flag
configure:4312: gcc -o conftest -g -O2   -fno-strict-aliasing conftest.c  >&5
configure:4312: $? = 0
configure:4328: result: yes
configure:4345: checking if gcc supports -g flag
configure:4361: gcc -c -g -O2 -Werror -g  conftest.c >&5
configure:4361: $? = 0
configure:4378: result: yes
configure:4392: checking if gcc supports -std=gnu11 flag
configure:4408: gcc -c -g -O2 -Werror -std=gnu11  conftest.c >&5
configure:4408: $? = 0
configure:4425: result: yes
configure:4439: checking if gcc supports -Wall flag
configure:4455: gcc -c -g -O2 -Werror -Wall  conftest.c >&5
configure:4455: $? = 0
configure:4472: result: yes
configure:4486: checking if gcc supports -Wextra flag
configure:4502: gcc -c -g -O2 -Werror -Wextra  conftest.c >&5
configure:4502: $? = 0
configure:4519: result: yes
configure:4533: checking if gcc supports -Wno-long-long flag
configure:4549: gcc -c -g -O2 -Werror -Wno-long-long  conftest.c >&5
configure:4549: $? = 0
configure:4566: result: yes
configure:4580: checking if gcc supports -Wno-unused-parameter flag
configure:4596: gcc -c -g -O2 -Werror -Wno-unused-parameter  conftest.c >&5
configure:4596: $? = 0
configure:4613: result: yes
configure:4627: checking if gcc supports -Wstrict-prototypes flag
configure:4643: gcc -c -g -O2 -Werror -Wstrict-prototypes  conftest.c >&5
configure:4643: $? = 0
configure:4660: result: yes
configure:4721: checking for ar
configure:4737: found /usr/bin/ar
configure:4748: result: ar
configure:4774: checking the archiver (ar) interface
configure:4790: gcc -c -g -O2  conftest.c >&5
configure:4790: $? = 0
configure:4792: ar cru libconftest.a conftest.o >&5
ar: `u' modifier ignored since `D' is the default (see `U')
configure:4795: $? = 0
configure:4794: result: ar
configure:4861: checking how to print strings
configure:4888: result: printf
configure:4909: checking for a sed that does not truncate output
configure:4973: result: /usr/bin/sed
configure:4991: checking for grep that handles long lines and -e
configure:5049: result: /usr/bin/grep
configure:5054: checking for egrep
configure:5116: result: /usr/bin/grep -E
configure:5121: checking for fgrep
configure:5183: result: /usr/bin/grep -F
configure:5218: checking for ld used by gcc
configure:5285: result: /usr/bin/ld
configure:5292: checking if the linker (/usr/bin/ld) is GNU ld
configure:5307: result: yes
configure:5319: checking for BSD- or MS-compatible name lister (nm)
configure:5373: result: /usr/bin/nm -B
configure:5503: checking the name lister (/usr/bin/nm -B) interface
configure:5510: gcc -c -g -O2  conftest.c >&5
configure:5513: /usr/bin/nm -B "conftest.o"
configure:5516: output
0000000000000000 B some_variable
configure:5517: result: BSD nm
configure:5520: checking whether ln -s works
configure:5524: result: yes
configure:5532: checking the maximum length of command line arguments
configure:5663: result: 1572864
configure:5711: checking how to convert x86_64-pc-linux-gnu file names to x86_64-pc-linux-gnu format
configure:5751: result: func_convert_file_noop
configure:5758: checking how to convert x86_64-pc-linux-gnu file names to toolchain format
configure:5778: result: func_convert_file_noop
configure:5785: checking for /usr/bin/ld option to reload object files
configure:5792: result: -r
configure:5866: checking for objdump
configure:5882: found /usr/bin/objdump
configure:5893: result: objdump
configure:5925: checking how to recognize dependent libraries
configure:6125: result: pass_all
configure:6210: checking for dlltool
configure:6240: result: no
configure:6270: checking how to associate runtime and link libraries
configure:6297: result: printf %s\n
configure:6421: checking for archiver @FILE support
configure:6438: gcc -c -g -O2  conftest.c >&5
configure:6438: $? = 0
configure:6441: ar cr libconftest.a @conftest.lst >&5
configure:6444: $? = 0
configure:6449: ar cr libconftest.a @conftest.lst >&5
ar: conftest.o: No such file or directory
configure:6452: $? = 1
configure:6451: result: @
configure:6509: checking for strip
configure:6525: found /usr/bin/strip
configure:6536: result: strip
configure:6608: checking for ranlib
configure:6624: found /usr/bin/ranlib
configure:6635: result: ranlib
configure:6737: checking command to parse /usr/bin/nm -B output from gcc object
configure:6890: gcc -c -g -O2  conftest.c >&5
configure:6893: $? = 0
configure:6897: /usr/bin/nm -B conftest.o | sed -n -e 's/^.*[	 ]\([ABCDGIRSTW][ABCDGIRSTW]*\)[	 ][	 ]*\([_A-Za-z][_A-Za-z0-9]*\)$/\1 \2 \2/p' | sed '/ __gnu_lto/d' > conftest.nm
configure:6963: gcc -o conftest -g -O2   conftest.c conftstm.o >&5
configure:6966: $? = 0
configure:7004: result: ok
configure:7051: checking for sysroot
configure:7081: result: no
configure:7088: checking for a working dd
configure:7126: result: /usr/bin/dd
configure:7130: checking how to truncate binary pipes
configure:7145: result: /usr/bin/dd bs=4096 count=1
configure:7281: gcc -c -g -O2  conftest.c >&5
configure:7284: $? = 0
configure:7474: checking for mt
configure:7490: found /usr/bin/mt
configure:7501: result: mt
configure:7524: checking if mt is a manifest tool
configure:7530: mt '-?'
configure:7538: result: no
configure:8215: checking how to run the C preprocessor
configure:8246: gcc -E  conftest.c
configure:8246: $? = 0
configure:8260: gcc -E  conftest.c
conftest.c:12:10: fatal error: ac_nonexistent.h: No such file or directory
   12 | #include <ac_nonexistent.h>
      |          ^~~~~~~~~~~~~~~~~~
compilation terminated.
configure:8260: $? = 1
configure: failed program was:
| /* confdefs.h */
| #define PACKAGE_NAME "libuv"
| #define PACKAGE_TARNAME "libuv"
| #define PACKAGE_VERSION "1.51.1-dev"
| #define PACKAGE_STRING "libuv 1.51.1-dev"
| #define PACKAGE_BUGREPORT "https://github.com/libuv/libuv/issues"
| #define PACKAGE_URL ""
| #define PACKAGE "libuv"
| #define VERSION "1.51.1-dev"
| #define SUPPORT_ATTRIBUTE_VISIBILITY_DEFAULT 1
| /* end confdefs.h.  */
| #include <ac_nonexistent.h>
configure:8285: result: gcc -E
configure:8305: gcc -E  conftest.c
configure:8305: $? = 0
configure:8319: gcc -E  conftest.c
conftest.c:12:10: fatal error: ac_nonexistent.h: No such file or directory
   12 | #include <ac_nonexistent.h>
      |          ^~~~~~~~~~~~~~~~~~
compilation terminated.
configure:8319: $? = 1
configure: failed program was:
| /* confdefs.h */
| #define PACKAGE_NAME "libuv"
| #define PACKAGE_TARNAME "libuv"
| #define PACKAGE_VERSION "1.51.1-dev"
| #define PACKAGE_STRING "libuv 1.51.1-dev"
| #define PACKAGE_BUGREPORT "https://github.com/libuv/libuv/issues"
| #define PACKAGE_URL ""
| #define PACKAGE "libuv"
| #define VERSION "1.51.1-dev"
| #define SUPPORT_ATTRIBUTE_VISIBILITY_DEFAULT 1
| /* end confdefs.h.  */
| #include <ac_nonexistent.h>
configure:8348: checking for ANSI C header files
configure:8368: gcc -c -g -O2  conftest.c >&5
configure:8368: $? = 0
configure:8441: gcc -o conftest -g -O2   conftest.c  >&5
configure:8441: $? = 0
configure:8441: ./conftest
configure:8441: $? = 0
configure:8452: result: yes
configure:8465: checking for sys/types.h
configure:8465: gcc -c -g -O2  conftest.c >&5
configure:8465: $? = 0
configure:8465: result: yes
configure:8465: checking for sys/stat.h
configure:8465: gcc -c -g -O2  conftest.c >&5
configure:8465: $? = 0
configure:8465: result: yes
configure:8465: checking for stdlib.h
configure:8465: gcc -c -g -O2  conftest.c >&5
configure:8465: $? = 0
configure:8465: result: yes
configure:8465: checking for string.h
configure:8465: gcc -c -g -O2  conftest.c >&5
configure:8465: $? = 0
configure:8465: result: yes
configure:8465: checking for memory.h
configure:8465: gcc -c -g -O2  conftest.c >&5
configure:8465: $? = 0
configure:8465: result: yes
configure:8465: checking for strings.h
configure:8465: gcc -c -g -O2  conftest.c >&5
configure:8465: $? = 0
configure:8465: result: yes
configure:8465: checking for inttypes.h
configure:8465: gcc -c -g -O2  conftest.c >&5
configure:8465: $? = 0
configure:8465: result: yes
configure:8465: checking for stdint.h
configure:8465: gcc -c -g -O2  conftest.c >&5
configure:8465: $? = 0
configure:8465: result: yes
configure:8465: checking for unistd.h
configure:8465: gcc -c -g -O2  conftest.c >&5
configure:8465: $? = 0
configure:8465: result: yes
configure:8479: checking for dlfcn.h
configure:8479: gcc -c -g -O2  conftest.c >&5
configure:8479: $? = 0
configure:8479: result: yes
configure:8675: checking for objdir
configure:8690: result: .libs
configure:8954: checking if gcc supports -fno-rtti -fno-exceptions
configure:8972: gcc -c -g -O2  -fno-rtti -fno-exceptions conftest.c >&5
cc1: warning: command-line option '-fno-rtti' is valid for C++/D/ObjC++ but not for C
configure:8976: $? = 0
configure:8989: result: no
configure:9353: checking for gcc option to produce PIC
configure:9360: result: -fPIC -DPIC
configure:9368: checking if gcc PIC flag -fPIC -DPIC works
configure:9386: gcc -c -g -O2  -fPIC -DPIC -DPIC conftest.c >&5
configure:9390: $? = 0
configure:9403: result: yes
configure:9432: checking if gcc static flag -static works
configure:9460: result: yes
configure:9475: checking if gcc supports -c -o file.o
configure:9496: gcc -c -g -O2  -o out/conftest2.o conftest.c >&5
configure:9500: $? = 0
configure:9522: result: yes
configure:9530: checking if gcc supports -c -o file.o
configure:9577: result: yes
configure:9610: checking whether the gcc linker (/usr/bin/ld -m elf_x86_64) supports shared libraries
configure:10873: result: yes
configure:10910: checking whether -lc should be explicitly linked in
configure:10918: gcc -c -g -O2  conftest.c >&5
configure:10921: $? = 0
configure:10936: gcc -shared  -fPIC -DPIC conftest.o  -v -Wl,-soname -Wl,conftest -o conftest 2\>\&1 \| /usr/bin/grep  -lc  \>/dev/null 2\>\&1
configure:10939: $? = 0
configure:10953: result: no
configure:11113: checking dynamic linker characteristics
configure:11694: gcc -o conftest -g -O2   -Wl,-rpath -Wl,/foo conftest.c  >&5
configure:11694: $? = 0
configure:11943: result: GNU/Linux ld.so
configure:12065: checking how to hardcode library paths into programs
configure:12090: result: immediate
configure:12638: checking whether stripping libraries is possible
configure:12643: result: yes
configure:12678: checking if libtool supports shared libraries
configure:12680: result: yes
configure:12683: checking whether to build shared libraries
configure:12708: result: yes
configure:12711: checking whether to build static libraries
configure:12715: result: yes
configure:9539: checking whether make supports nested variables
configure:9556: result: yes
configure:9751: checking whether gcc is Clang
configure:9776: result: no
configure:9899: checking whether pthreads work with -pthread
configure:9993: gcc -o conftest -g -O2 -pthread   conftest.c   >&5
configure:9993: $? = 0
configure:10002: result: yes
configure:10021: checking for joinable pthread attribute
configure:10039: gcc -o conftest -g -O2 -pthread   conftest.c   >&5
configure:10039: $? = 0
configure:10047: result: PTHREAD_CREATE_JOINABLE
configure:10061: checking whether more special flags are required for pthreads
configure:10074: result: no
configure:10082: checking for PTHREAD_PRIO_INHERIT
configure:10098: gcc -o conftest -g -O2 -pthread   conftest.c   >&5
configure:10098: $? = 0
configure:10107: result: yes
configure:10205: checking for library containing dlopen
configure:10236: gcc -o conftest -g -O2 -pthread   conftest.c   >&5
/usr/bin/ld: /tmp/ccrvz2zy.o: in function `main':
/home/srilakshmi/src/myownnode/myownnode/libuv/conftest.c:36: undefined reference to `dlopen'
collect2: error: ld returned 1 exit status
configure:10236: $? = 1
configure: failed program was:
| /* confdefs.h */
| #define PACKAGE_NAME "libuv"
| #define PACKAGE_TARNAME "libuv"
| #define PACKAGE_VERSION "1.51.1-dev"
| #define PACKAGE_STRING "libuv 1.51.1-dev"
| #define PACKAGE_BUGREPORT "https://github.com/libuv/libuv/issues"
| #define PACKAGE_URL ""
| #define PACKAGE "libuv"
| #define VERSION "1.51.1-dev"
| #define SUPPORT_ATTRIBUTE_VISIBILITY_DEFAULT 1
| #define STDC_HEADERS 1
| #define HAVE_SYS_TYPES_H 1
| #define HAVE_SYS_STAT_H 1
| #define HAVE_STDLIB_H 1
| #define HAVE_STRING_H 1
| #define HAVE_MEMORY_H 1
| #define HAVE_STRINGS_H 1
| #define HAVE_INTTYPES_H 1
| #define HAVE_STDINT_H 1
| #define HAVE_UNISTD_H 1
| #define HAVE_DLFCN_H 1
| #define LT_OBJDIR ".libs/"
| #define HAVE_PTHREAD_PRIO_INHERIT 1
| /* end confdefs.h.  */
| 
| /* Override any GCC internal prototype to avoid an error.
|    Use char because int might match the return type of a GCC
|    builtin and then its argument prototype would still apply.  */
| #ifdef __cplusplus
| extern "C"
| #endif
| char dlopen ();
| int
| main ()
| {
| return dlopen ();
|   ;
|   return 0;
| }
configure:10236: gcc -o conftest -g -O2 -pthread   conftest.c -ldl    >&5
configure:10236: $? = 0
configure:10253: result: -ldl
configure:10261: checking for library containing kstat_lookup
configure:10292: gcc -o conftest -g -O2 -pthread   conftest.c -ldl   >&5
/usr/bin/ld: /tmp/ccXyJJyo.o: in function `main':
/home/srilakshmi/src/myownnode/myownnode/libuv/conftest.c:36: undefined reference to `kstat_lookup'
collect2: error: ld returned 1 exit status
configure:10292: $? = 1
configure: failed program was:
| /* confdefs.h */
| #define PACKAGE_NAME "libuv"
| #define PACKAGE_TARNAME "libuv"
| #define PACKAGE_VERSION "1.51.1-dev"
| #define PACKAGE_STRING "libuv 1.51.1-dev"
| #define PACKAGE_BUGREPORT "https://github.com/libuv/libuv/issues"
| #define PACKAGE_URL ""
| #define PACKAGE "libuv"
| #define VERSION "1.51.1-dev"
| #define SUPPORT_ATTRIBUTE_VISIBILITY_DEFAULT 1
| #define STDC_HEADERS 1
| #define HAVE_SYS_TYPES_H 1
| #define HAVE_SYS_STAT_H 1
| #define HAVE_STDLIB_H 1
| #define HAVE_STRING_H 1
| #define HAVE_MEMORY_H 1
| #define HAVE_STRINGS_H 1
| #define HAVE_INTTYPES_H 1
| #define HAVE_STDINT_H 1
| #define HAVE_UNISTD_H 1
| #define HAVE_DLFCN_H 1
| #define LT_OBJDIR ".libs/"
| #define HAVE_PTHREAD_PRIO_INHERIT 1
| /* end confdefs.h.  */
| 
| /* Override any GCC internal prototype to avoid an error.
|    Use char because int might match the return type of a GCC
|    builtin and then its argument prototype would still apply.  */
| #ifdef __cplusplus
| extern "C"
| #endif
| char kstat_lookup ();
| int
| main ()
| {
| return kstat_lookup ();
|   ;
|   return 0;
| }
configure:10292: gcc -o conftest -g -O2 -pthread   conftest.c -lkstat  -ldl   >&5
/usr/bin/ld: cannot find -lkstat
collect2: error: ld returned 1 exit status
configure:10292: $? = 1
configure: failed program was:
| /* confdefs.h */
| #define PACKAGE_NAME "libuv"
| #define PACKAGE_TARNAME "libuv"
| #define PACKAGE_VERSION "1.51.1-dev"
| #define PACKAGE_STRING "libuv 1.51.1-dev"
| #define PACKAGE_BUGREPORT "https://github.com/libuv/libuv/issues"
| #define PACKAGE_URL ""
| #define PACKAGE "libuv"
| #define VERSION "1.51.1-dev"
| #define SUPPORT_ATTRIBUTE_VISIBILITY_DEFAULT 1
| #define STDC_HEADERS 1
| #define HAVE_SYS_TYPES_H 1
| #define HAVE_SYS_STAT_H 1
| #define HAVE_STDLIB_H 1
| #define HAVE_STRING_H 1
| #define HAVE_MEMORY_H 1
| #define HAVE_STRINGS_H 1
| #define HAVE_INTTYPES_H 1
| #define HAVE_STDINT_H 1
| #define HAVE_UNISTD_H 1
| #define HAVE_DLFCN_H 1
| #define LT_OBJDIR ".libs/"
| #define HAVE_PTHREAD_PRIO_INHERIT 1
| /* end confdefs.h.  */
| 
| /* Override any GCC internal prototype to avoid an error.
|    Use char because int might match the return type of a GCC
|    builtin and then its argument prototype would still apply.  */
| #ifdef __cplusplus
| extern "C"
| #endif
| char kstat_lookup ();
| int
| main ()
| {
| return kstat_lookup ();
|   ;
|   return 0;
| }
configure:10309: result: no
configure:10317: checking for library containing gethostbyname
configure:10348: gcc -o conftest -g -O2 -pthread   conftest.c -ldl   >&5
configure:10348: $? = 0
configure:10365: result: none required
configure:10373: checking for library containing perfstat_cpu
configure:10404: gcc -o conftest -g -O2 -pthread   conftest.c -ldl   >&5
/usr/bin/ld: /tmp/cccJ0YFl.o: in function `main':
/home/srilakshmi/src/myownnode/myownnode/libuv/conftest.c:36: undefined reference to `perfstat_cpu'
collect2: error: ld returned 1 exit status
configure:10404: $? = 1
configure: failed program was:
| /* confdefs.h */
| #define PACKAGE_NAME "libuv"
| #define PACKAGE_TARNAME "libuv"
| #define PACKAGE_VERSION "1.51.1-dev"
| #define PACKAGE_STRING "libuv 1.51.1-dev"
| #define PACKAGE_BUGREPORT "https://github.com/libuv/libuv/issues"
| #define PACKAGE_URL ""
| #define PACKAGE "libuv"
| #define VERSION "1.51.1-dev"
| #define SUPPORT_ATTRIBUTE_VISIBILITY_DEFAULT 1
| #define STDC_HEADERS 1
| #define HAVE_SYS_TYPES_H 1
| #define HAVE_SYS_STAT_H 1
| #define HAVE_STDLIB_H 1
| #define HAVE_STRING_H 1
| #define HAVE_MEMORY_H 1
| #define HAVE_STRINGS_H 1
| #define HAVE_INTTYPES_H 1
| #define HAVE_STDINT_H 1
| #define HAVE_UNISTD_H 1
| #define HAVE_DLFCN_H 1
| #define LT_OBJDIR ".libs/"
| #define HAVE_PTHREAD_PRIO_INHERIT 1
| /* end confdefs.h.  */
| 
| /* Override any GCC internal prototype to avoid an error.
|    Use char because int might match the return type of a GCC
|    builtin and then its argument prototype would still apply.  */
| #ifdef __cplusplus
| extern "C"
| #endif
| char perfstat_cpu ();
| int
| main ()
| {
| return perfstat_cpu ();
|   ;
|   return 0;
| }
configure:10404: gcc -o conftest -g -O2 -pthread   conftest.c -lperfstat  -ldl   >&5
/usr/bin/ld: cannot find -lperfstat
collect2: error: ld returned 1 exit status
configure:10404: $? = 1
configure: failed program was:
| /* confdefs.h */
| #define PACKAGE_NAME "libuv"
| #define PACKAGE_TARNAME "libuv"
| #define PACKAGE_VERSION "1.51.1-dev"
| #define PACKAGE_STRING "libuv 1.51.1-dev"
| #define PACKAGE_BUGREPORT "https://github.com/libuv/libuv/issues"
| #define PACKAGE_URL ""
| #define PACKAGE "libuv"
| #define VERSION "1.51.1-dev"
| #define SUPPORT_ATTRIBUTE_VISIBILITY_DEFAULT 1
| #define STDC_HEADERS 1
| #define HAVE_SYS_TYPES_H 1
| #define HAVE_SYS_STAT_H 1
| #define HAVE_STDLIB_H 1
| #define HAVE_STRING_H 1
| #define HAVE_MEMORY_H 1
| #define HAVE_STRINGS_H 1
| #define HAVE_INTTYPES_H 1
| #define HAVE_STDINT_H 1
| #define HAVE_UNISTD_H 1
| #define HAVE_DLFCN_H 1
| #define LT_OBJDIR ".libs/"
| #define HAVE_PTHREAD_PRIO_INHERIT 1
| /* end confdefs.h.  */
| 
| /* Override any GCC internal prototype to avoid an error.
|    Use char because int might match the return type of a GCC
|    builtin and then its argument prototype would still apply.  */
| #ifdef __cplusplus
| extern "C"
| #endif
| char perfstat_cpu ();
| int
| main ()
| {
| return perfstat_cpu ();
|   ;
|   return 0;
| }
configure:10421: result: no
configure:10429: checking for library containing clock_gettime
configure:10460: gcc -o conftest -g -O2 -pthread   conftest.c -ldl   >&5
configure:10460: $? = 0
configure:10477: result: none required
configure:10485: checking for library containing sendfile
configure:10516: gcc -o conftest -g -O2 -pthread   conftest.c -ldl   >&5
configure:10516: $? = 0
configure:10533: result: none required
configure:10541: checking for library containing socket
configure:10572: gcc -o conftest -g -O2 -pthread   conftest.c -ldl   >&5
configure:10572: $? = 0
configure:10589: result: none required
configure:10604: checking for special C compiler options needed for large files
configure:10649: result: no
configure:10655: checking for _FILE_OFFSET_BITS value needed for large files
configure:10680: gcc -c -g -O2 -pthread  conftest.c >&5
configure:10680: $? = 0
configure:10712: result: no
configure:11037: checking sys/ahafs_evProds.h usability
configure:11037: gcc -c -g -O2 -pthread  conftest.c >&5
conftest.c:58:10: fatal error: sys/ahafs_evProds.h: No such file or directory
   58 | #include <sys/ahafs_evProds.h>
      |          ^~~~~~~~~~~~~~~~~~~~~
compilation terminated.
configure:11037: $? = 1
configure: failed program was:
| /* confdefs.h */
| #define PACKAGE_NAME "libuv"
| #define PACKAGE_TARNAME "libuv"
| #define PACKAGE_VERSION "1.51.1-dev"
| #define PACKAGE_STRING "libuv 1.51.1-dev"
| #define PACKAGE_BUGREPORT "https://github.com/libuv/libuv/issues"
| #define PACKAGE_URL ""
| #define PACKAGE "libuv"
| #define VERSION "1.51.1-dev"
| #define SUPPORT_ATTRIBUTE_VISIBILITY_DEFAULT 1
| #define STDC_HEADERS 1
| #define HAVE_SYS_TYPES_H 1
| #define HAVE_SYS_STAT_H 1
| #define HAVE_STDLIB_H 1
| #define HAVE_STRING_H 1
| #define HAVE_MEMORY_H 1
| #define HAVE_STRINGS_H 1
| #define HAVE_INTTYPES_H 1
| #define HAVE_STDINT_H 1
| #define HAVE_UNISTD_H 1
| #define HAVE_DLFCN_H 1
| #define LT_OBJDIR ".libs/"
| #define HAVE_PTHREAD_PRIO_INHERIT 1
| /* end confdefs.h.  */
| #include <stdio.h>
| #ifdef HAVE_SYS_TYPES_H
| # include <sys/types.h>
| #endif
| #ifdef HAVE_SYS_STAT_H
| # include <sys/stat.h>
| #endif
| #ifdef STDC_HEADERS
| # include <stdlib.h>
| # include <stddef.h>
| #else
| # ifdef HAVE_STDLIB_H
| #  include <stdlib.h>
| # endif
| #endif
| #ifdef HAVE_STRING_H
| # if !defined STDC_HEADERS && defined HAVE_MEMORY_H
| #  include <memory.h>
| # endif
| # include <string.h>
| #endif
| #ifdef HAVE_STRINGS_H
| # include <strings.h>
| #endif
| #ifdef HAVE_INTTYPES_H
| # include <inttypes.h>
| #endif
| #ifdef HAVE_STDINT_H
| # include <stdint.h>
| #endif
| #ifdef HAVE_UNISTD_H
| # include <unistd.h>
| #endif
| #include <sys/ahafs_evProds.h>
configure:11037: result: no
configure:11037: checking sys/ahafs_evProds.h presence
configure:11037: gcc -E  conftest.c
conftest.c:25:10: fatal error: sys/ahafs_evProds.h: No such file or directory
   25 | #include <sys/ahafs_evProds.h>
      |          ^~~~~~~~~~~~~~~~~~~~~
compilation terminated.
configure:11037: $? = 1
configure: failed program was:
| /* confdefs.h */
| #define PACKAGE_NAME "libuv"
| #define PACKAGE_TARNAME "libuv"
| #define PACKAGE_VERSION "1.51.1-dev"
| #define PACKAGE_STRING "libuv 1.51.1-dev"
| #define PACKAGE_BUGREPORT "https://github.com/libuv/libuv/issues"
| #define PACKAGE_URL ""
| #define PACKAGE "libuv"
| #define VERSION "1.51.1-dev"
| #define SUPPORT_ATTRIBUTE_VISIBILITY_DEFAULT 1
| #define STDC_HEADERS 1
| #define HAVE_SYS_TYPES_H 1
| #define HAVE_SYS_STAT_H 1
| #define HAVE_STDLIB_H 1
| #define HAVE_STRING_H 1
| #define HAVE_MEMORY_H 1
| #define HAVE_STRINGS_H 1
| #define HAVE_INTTYPES_H 1
| #define HAVE_STDINT_H 1
| #define HAVE_UNISTD_H 1
| #define HAVE_DLFCN_H 1
| #define LT_OBJDIR ".libs/"
| #define HAVE_PTHREAD_PRIO_INHERIT 1
| /* end confdefs.h.  */
| #include <sys/ahafs_evProds.h>
configure:11037: result: no
configure:11037: checking for sys/ahafs_evProds.h
configure:11037: result: no
configure:11194: checking that generated files are newer than configure
configure:11200: result: done
configure:11291: creating ./config.status

## ---------------------- ##
## Running config.status. ##
## ---------------------- ##

This file was extended by libuv config.status 1.51.1-dev, which was
generated by GNU Autoconf 2.69.  Invocation command line was

  CONFIG_FILES    = 
  CONFIG_HEADERS  = 
  CONFIG_LINKS    = 
  CONFIG_COMMANDS = 
  $ ./config.status 

on srilakshmi-HP-Notebook

config.status:1050: creating Makefile
config.status:1050: creating libuv.pc
config.status:1253: executing depfiles commands
config.status:1326: cd .       && sed -e '/# am--include-marker/d' Makefile         | make -f - am--depfiles
config.status:1331: $? = 0
config.status:1253: executing libtool commands

## ---------------- ##
## Cache variables. ##
## ---------------- ##

ac_cv_build=x86_64-pc-linux-gnu
ac_cv_c_compiler_gnu=yes
ac_cv_env_CC_set=
ac_cv_env_CC_value=
ac_cv_env_CFLAGS_set=
ac_cv_env_CFLAGS_value=
ac_cv_env_CPPFLAGS_set=
ac_cv_env_CPPFLAGS_value=
ac_cv_env_CPP_set=
ac_cv_env_CPP_value=
ac_cv_env_LDFLAGS_set=
ac_cv_env_LDFLAGS_value=
ac_cv_env_LIBS_set=
ac_cv_env_LIBS_value=
ac_cv_env_LT_SYS_LIBRARY_PATH_set=
ac_cv_env_LT_SYS_LIBRARY_PATH_value=
ac_cv_env_build_alias_set=
ac_cv_env_build_alias_value=
ac_cv_env_host_alias_set=
ac_cv_env_host_alias_value=
ac_cv_env_target_alias_set=
ac_cv_env_target_alias_value=
ac_cv_header_dlfcn_h=yes
ac_cv_header_inttypes_h=yes
ac_cv_header_memory_h=yes
ac_cv_header_stdc=yes
ac_cv_header_stdint_h=yes
ac_cv_header_stdlib_h=yes
ac_cv_header_string_h=yes
ac_cv_header_strings_h=yes
ac_cv_header_sys_ahafs_evProds_h=no
ac_cv_header_sys_stat_h=yes
ac_cv_header_sys_types_h=yes
ac_cv_header_unistd_h=yes
ac_cv_host=x86_64-pc-linux-gnu
ac_cv_objext=o
ac_cv_path_EGREP='/usr/bin/grep -E'
ac_cv_path_FGREP='/usr/bin/grep -F'
ac_cv_path_GREP=/usr/bin/grep
ac_cv_path_SED=/usr/bin/sed
ac_cv_path_install='/usr/bin/install -c'
ac_cv_path_lt_DD=/usr/bin/dd
ac_cv_path_mkdir=/usr/bin/mkdir
ac_cv_prog_AWK=mawk
ac_cv_prog_CPP='gcc -E'
ac_cv_prog_ac_ct_AR=ar
ac_cv_prog_ac_ct_CC=gcc
ac_cv_prog_ac_ct_MANIFEST_TOOL=mt
ac_cv_prog_ac_ct_OBJDUMP=objdump
ac_cv_prog_ac_ct_RANLIB=ranlib
ac_cv_prog_ac_ct_STRIP=strip
ac_cv_prog_cc_c89=
ac_cv_prog_cc_g=yes
ac_cv_prog_make_make_set=yes
ac_cv_search_clock_gettime='none required'
ac_cv_search_dlopen=-ldl
ac_cv_search_gethostbyname='none required'
ac_cv_search_kstat_lookup=no
ac_cv_search_perfstat_cpu=no
ac_cv_search_sendfile='none required'
ac_cv_search_socket='none required'
ac_cv_sys_file_offset_bits=no
ac_cv_sys_largefile_CC=no
am_cv_CC_dependencies_compiler_type=gcc3
am_cv_ar_interface=ar
am_cv_make_support_nested_variables=yes
am_cv_prog_cc_c_o=yes
ax_cv_PTHREAD_CLANG=no
ax_cv_PTHREAD_JOINABLE_ATTR=PTHREAD_CREATE_JOINABLE
ax_cv_PTHREAD_PRIO_INHERIT=yes
ax_cv_PTHREAD_SPECIAL_FLAGS=no
cc_cv_attribute_visibility_default=yes
cc_cv_cflags__Werror=yes
cc_cv_cflags__fno_strict_aliasing=yes
cc_cv_cflags_werror__Wall=yes
cc_cv_cflags_werror__Wextra=yes
cc_cv_cflags_werror__Wno_long_long=yes
cc_cv_cflags_werror__Wno_unused_parameter=yes
cc_cv_cflags_werror__Wstrict_prototypes=yes
cc_cv_cflags_werror__fvisibility_hidden=yes
cc_cv_cflags_werror__g=yes
cc_cv_cflags_werror__std_gnu11=yes
cc_cv_ldflags__fno_strict_aliasing=yes
cc_cv_werror=-Werror
lt_cv_ar_at_file=@
lt_cv_archive_cmds_need_lc=no
lt_cv_deplibs_check_method=pass_all
lt_cv_file_magic_cmd='$MAGIC_CMD'
lt_cv_file_magic_test_file=
lt_cv_ld_reload_flag=-r
lt_cv_nm_interface='BSD nm'
lt_cv_objdir=.libs
lt_cv_path_LD=/usr/bin/ld
lt_cv_path_NM='/usr/bin/nm -B'
lt_cv_path_mainfest_tool=no
lt_cv_prog_compiler_c_o=yes
lt_cv_prog_compiler_pic='-fPIC -DPIC'
lt_cv_prog_compiler_pic_works=yes
lt_cv_prog_compiler_rtti_exceptions=no
lt_cv_prog_compiler_static_works=yes
lt_cv_prog_gnu_ld=yes
lt_cv_sharedlib_from_linklib_cmd='printf %s\n'
lt_cv_shlibpath_overrides_runpath=yes
lt_cv_sys_global_symbol_pipe='sed -n -e '\''s/^.*[	 ]\([ABCDGIRSTW][ABCDGIRSTW]*\)[	 ][	 ]*\([_A-Za-z][_A-Za-z0-9]*\)$/\1 \2 \2/p'\'' | sed '\''/ __gnu_lto/d'\'''
lt_cv_sys_global_symbol_to_c_name_address='sed -n -e '\''s/^: \(.*\) .*$/  {"\1", (void *) 0},/p'\'' -e '\''s/^[ABCDGIRSTW][ABCDGIRSTW]* .* \(.*\)$/  {"\1", (void *) \&\1},/p'\'''
lt_cv_sys_global_symbol_to_c_name_address_lib_prefix='sed -n -e '\''s/^: \(.*\) .*$/  {"\1", (void *) 0},/p'\'' -e '\''s/^[ABCDGIRSTW][ABCDGIRSTW]* .* \(lib.*\)$/  {"\1", (void *) \&\1},/p'\'' -e '\''s/^[ABCDGIRSTW][ABCDGIRSTW]* .* \(.*\)$/  {"lib\1", (void *) \&\1},/p'\'''
lt_cv_sys_global_symbol_to_cdecl='sed -n -e '\''s/^T .* \(.*\)$/extern int \1();/p'\'' -e '\''s/^[ABCDGIRSTW][ABCDGIRSTW]* .* \(.*\)$/extern char \1;/p'\'''
lt_cv_sys_global_symbol_to_import=
lt_cv_sys_max_cmd_len=1572864
lt_cv_to_host_file_cmd=func_convert_file_noop
lt_cv_to_tool_file_cmd=func_convert_file_noop
lt_cv_truncate_bin='/usr/bin/dd bs=4096 count=1'

## ----------------- ##
## Output variables. ##
## ----------------- ##

ACLOCAL='${SHELL} /home/srilakshmi/src/myownnode/myownnode/libuv/missing aclocal-1.16'
AIX_FALSE=''
AIX_TRUE='#'
AMDEPBACKSLASH='\'
AMDEP_FALSE='#'
AMDEP_TRUE=''
AMTAR='$${TAR-tar}'
AM_BACKSLASH='\'
AM_CFLAGS=' -fvisibility=hidden -fno-strict-aliasing -g -std=gnu11 -Wall -Wextra -Wno-long-long -Wno-unused-parameter -Wstrict-prototypes'
AM_DEFAULT_V='$(AM_DEFAULT_VERBOSITY)'
AM_DEFAULT_VERBOSITY='0'
AM_V='$(V)'
ANDROID_FALSE=''
ANDROID_TRUE='#'
AR='ar'
AUTOCONF='${SHELL} /home/srilakshmi/src/myownnode/myownnode/libuv/missing autoconf'
AUTOHEADER='${SHELL} /home/srilakshmi/src/myownnode/myownnode/libuv/missing autoheader'
AUTOMAKE='${SHELL} /home/srilakshmi/src/myownnode/myownnode/libuv/missing automake-1.16'
AWK='mawk'
CC='gcc'
CCDEPMODE='depmode=gcc3'
CFLAGS='-g -O2 -pthread'
CPP='gcc -E'
CPPFLAGS=''
CYGPATH_W='echo'
CYGWIN_FALSE=''
CYGWIN_TRUE='#'
DARWIN_FALSE=''
DARWIN_TRUE='#'
DEFS='-DPACKAGE_NAME=\"libuv\" -DPACKAGE_TARNAME=\"libuv\" -DPACKAGE_VERSION=\"1.51.1-dev\" -DPACKAGE_STRING=\"libuv\ 1.51.1-dev\" -DPACKAGE_BUGREPORT=\"https://github.com/libuv/libuv/issues\" -DPACKAGE_URL=\"\" -DPACKAGE=\"libuv\" -DVERSION=\"1.51.1-dev\" -DSUPPORT_ATTRIBUTE_VISIBILITY_DEFAULT=1 -DSTDC_HEADERS=1 -DHAVE_SYS_TYPES_H=1 -DHAVE_SYS_STAT_H=1 -DHAVE_STDLIB_H=1 -DHAVE_STRING_H=1 -DHAVE_MEMORY_H=1 -DHAVE_STRINGS_H=1 -DHAVE_INTTYPES_H=1 -DHAVE_STDINT_H=1 -DHAVE_UNISTD_H=1 -DHAVE_DLFCN_H=1 -DLT_OBJDIR=\".libs/\" -DHAVE_PTHREAD_PRIO_INHERIT=1'
DEPDIR='.deps'
DLLTOOL='false'
DRAGONFLY_FALSE=''
DRAGONFLY_TRUE='#'
DSYMUTIL=''
DUMPBIN=''
ECHO_C=''
ECHO_N='-n'
ECHO_T=''
EGREP='/usr/bin/grep -E'
EXEEXT=''
FGREP='/usr/bin/grep -F'
FREEBSD_FALSE=''
FREEBSD_TRUE='#'
GREP='/usr/bin/grep'
HAIKU_FALSE=''
HAIKU_TRUE='#'
HURD_FALSE=''
HURD_TRUE='#'
INSTALL_DATA='${INSTALL} -m 644'
INSTALL_PROGRAM='${INSTALL}'
INSTALL_SCRIPT='${INSTALL}'
INSTALL_STRIP_PROGRAM='$(install_sh) -c -s'
LD='/usr/bin/ld -m elf_x86_64'
LDFLAGS=''
LIBOBJS=''
LIBS='-ldl  '
LIBTOOL='$(SHELL) $(top_builddir)/libtool'
LINUX_FALSE='#'
LINUX_TRUE=''
LIPO=''
LN_S='ln -s'
LTLIBOBJS=''
LT_SYS_LIBRARY_PATH=''
MAINT=''
MAINTAINER_MODE_FALSE='#'
MAINTAINER_MODE_TRUE=''
MAKEINFO='${SHELL} /home/srilakshmi/src/myownnode/myownnode/libuv/missing makeinfo'
MANIFEST_TOOL=':'
MKDIR_P='/usr/bin/mkdir -p'
MSYS_FALSE=''
MSYS_TRUE='#'
NETBSD_FALSE=''
NETBSD_TRUE='#'
NM='/usr/bin/nm -B'
NMEDIT=''
OBJDUMP='objdump'
OBJEXT='o'
OPENBSD_FALSE=''
OPENBSD_TRUE='#'
OS390_FALSE=''
OS390_TRUE='#'
OS400_FALSE=''
OS400_TRUE='#'
OTOOL64=''
OTOOL=''
PACKAGE='libuv'
PACKAGE_BUGREPORT='https://github.com/libuv/libuv/issues'
PACKAGE_NAME='libuv'
PACKAGE_STRING='libuv 1.51.1-dev'
PACKAGE_TARNAME='libuv'
PACKAGE_URL=''
PACKAGE_VERSION='1.51.1-dev'
PATH_SEPARATOR=':'
PTHREAD_CC='gcc'
PTHREAD_CFLAGS='-pthread'
PTHREAD_LIBS=''
RANLIB='ranlib'
SED='/usr/bin/sed'
SET_MAKE=''
SHELL='/bin/bash'
STRIP='strip'
SUNOS_FALSE=''
SUNOS_TRUE='#'
VERSION='1.51.1-dev'
WINNT_FALSE=''
WINNT_TRUE='#'
ac_ct_AR='ar'
ac_ct_CC='gcc'
ac_ct_DUMPBIN=''
am__EXEEXT_FALSE=''
am__EXEEXT_TRUE='#'
am__fastdepCC_FALSE='#'
am__fastdepCC_TRUE=''
am__include='include'
am__isrc=''
am__leading_dot='.'
am__nodep='_no'
am__quote=''
am__tar='$${TAR-tar} chof - "$$tardir"'
am__untar='$${TAR-tar} xf -'
ax_pthread_config=''
bindir='${exec_prefix}/bin'
build='x86_64-pc-linux-gnu'
build_alias=''
build_cpu='x86_64'
build_os='linux-gnu'
build_vendor='pc'
datadir='${datarootdir}'
datarootdir='${prefix}/share'
docdir='${datarootdir}/doc/${PACKAGE_TARNAME}'
dvidir='${docdir}'
exec_prefix='${prefix}'
host='x86_64-pc-linux-gnu'
host_alias=''
host_cpu='x86_64'
host_os='linux-gnu'
host_vendor='pc'
htmldir='${docdir}'
includedir='${prefix}/include'
infodir='${datarootdir}/info'
install_sh='${SHELL} /home/srilakshmi/src/myownnode/myownnode/libuv/install-sh'
libdir='${exec_prefix}/lib'
libexecdir='${exec_prefix}/libexec'
localedir='${datarootdir}/locale'
localstatedir='${prefix}/var'
mandir='${datarootdir}/man'
mkdir_p='$(MKDIR_P)'
oldincludedir='/usr/include'
pdfdir='${docdir}'
prefix='/usr/local'
program_transform_name='s,x,x,'
psdir='${docdir}'
runstatedir='${localstatedir}/run'
sbindir='${exec_prefix}/sbin'
sharedstatedir='${prefix}/com'
sysconfdir='${prefix}/etc'
target_alias=''

## ----------- ##
## confdefs.h. ##
## ----------- ##

/* confdefs.h */
#define PACKAGE_NAME "libuv"
#define PACKAGE_TARNAME "libuv"
#define PACKAGE_VERSION "1.51.1-dev"
#define PACKAGE_STRING "libuv 1.51.1-dev"
#define PACKAGE_BUGREPORT "https://github.com/libuv/libuv/issues"
#define PACKAGE_URL ""
#define PACKAGE "libuv"
#define VERSION "1.51.1-dev"
#define SUPPORT_ATTRIBUTE_VISIBILITY_DEFAULT 1
#define STDC_HEADERS 1
#define HAVE_SYS_TYPES_H 1
#define HAVE_SYS_STAT_H 1
#define HAVE_STDLIB_H 1
#define HAVE_STRING_H 1
#define HAVE_MEMORY_H 1
#define HAVE_STRINGS_H 1
#define HAVE_INTTYPES_H 1
#define HAVE_STDINT_H 1
#define HAVE_UNISTD_H 1
#define HAVE_DLFCN_H 1
#define LT_OBJDIR ".libs/"
#define HAVE_PTHREAD_PRIO_INHERIT 1

configure: exit 0
